<?xml version="1.0" encoding="UTF-8"?>
<!-- Generated by org.testng.reporters.JUnitReportReporter -->
<testsuite hostname="MisLenovo" failures="0" tests="1" name="DemoTestNG.MoverHoverTest" time="4.246" errors="0" timestamp="2024-10-05T16:06:59 PDT" skipped="0">
  <testcase classname="DemoTestNG.MoverHoverTest" name="testExplicitWait" time="4.246"/>
</testsuite> <!-- DemoTestNG.MoverHoverTest -->
