<?xml version="1.0" encoding="UTF-8"?>
<!-- Generated by org.testng.reporters.JUnitReportReporter -->
<testsuite hostname="MisLenovo" failures="0" tests="1" name="DemoTestNG.GeoLocation_Selenium4Feature" time="6.259" errors="0" timestamp="2024-10-01T20:08:43 PDT" skipped="0">
  <testcase classname="DemoTestNG.GeoLocation_Selenium4Feature" name="mockGeoLocation_DevTools" time="6.259"/>
</testsuite> <!-- DemoTestNG.GeoLocation_Selenium4Feature -->
