<?xml version="1.0" encoding="UTF-8"?>
<!-- Generated by org.testng.reporters.JUnitReportReporter -->
<testsuite hostname="MisLenovo" failures="0" tests="4" name="DemoTestNG.ParallelTesting1" time="11.650" errors="0" timestamp="2024-09-30T14:40:53 PDT" skipped="0">
  <testcase classname="DemoTestNG.ParallelTesting1" name="test1_JQueryDatePicker" time="2.596"/>
  <testcase classname="DemoTestNG.ParallelTesting1" name="test1_JQueryDatePicker" time="2.779"/>
  <testcase classname="DemoTestNG.ParallelTesting1" name="test2_DataListFilter" time="3.726"/>
  <testcase classname="DemoTestNG.ParallelTesting1" name="test2_DataListFilter" time="2.549"/>
</testsuite> <!-- DemoTestNG.ParallelTesting1 -->
