<?xml version="1.0" encoding="UTF-8"?>
<!-- Generated by org.testng.reporters.JUnitReportReporter -->
<testsuite hostname="MisLenovo" failures="0" tests="1" name="DemoTestNG.DynamicWaits" time="12.553" errors="0" timestamp="2024-09-28T10:22:03 PDT" skipped="0">
  <testcase classname="DemoTestNG.DynamicWaits" name="testFluentWait" time="12.553"/>
</testsuite> <!-- DemoTestNG.DynamicWaits -->
