<?xml version="1.0" encoding="UTF-8"?>
<!-- Generated by org.testng.reporters.JUnitReportReporter -->
<testsuite hostname="MisLenovo" failures="0" tests="2" name="DemoTestNG.DataProviderTest" time="5.290" errors="0" timestamp="2024-09-30T16:35:26 PDT" skipped="0">
  <testcase classname="DemoTestNG.DataProviderTest" name="testInputFields" time="2.144"/>
  <testcase classname="DemoTestNG.DataProviderTest" name="testInputFields" time="3.146"/>
</testsuite> <!-- DemoTestNG.DataProviderTest -->
