<?xml version="1.0" encoding="UTF-8"?>
<!-- Generated by org.testng.reporters.JUnitReportReporter -->
<testsuite hostname="MisLenovo" failures="0" tests="1" name="DemoTestNG.ConfigurationAnnotations_1_DatePickers" time="0.013" errors="0" timestamp="2024-09-16T16:08:27 PDT" skipped="0">
  <testcase classname="DemoTestNG.ConfigurationAnnotations_1_DatePickers" name="test1_BootstrapDatePicker" time="0.013"/>
</testsuite> <!-- DemoTestNG.ConfigurationAnnotations_1_DatePickers -->
