<?xml version="1.0" encoding="UTF-8"?>
<!-- Generated by org.testng.reporters.JUnitReportReporter -->
<testsuite hostname="MisLenovo" failures="0" tests="1" name="com.lambdatest.tests.ProgressBarTest" time="3.154" errors="0" timestamp="2024-09-27T20:18:51 PDT" skipped="0">
  <testcase classname="com.lambdatest.tests.ProgressBarTest" name="testProgressBarPercentage" time="3.154"/>
</testsuite> <!-- com.lambdatest.tests.ProgressBarTest -->
