<?xml version="1.0" encoding="UTF-8"?>
<!-- Generated by org.testng.reporters.JUnitReportReporter -->
<testsuite hostname="MisLenovo" failures="0" tests="2" name="DemoTestNG.First_Automated_Test" time="1.880" errors="0" timestamp="2024-09-24T15:19:13 PDT" skipped="0">
  <testcase classname="DemoTestNG.First_Automated_Test" name="testTableSortAndSearch" time="1.349"/>
  <testcase classname="DemoTestNG.First_Automated_Test" name="testBootstrapDatePicker" time="0.531"/>
</testsuite> <!-- DemoTestNG.First_Automated_Test -->
