<?xml version="1.0" encoding="UTF-8"?>
<!-- Generated by org.testng.reporters.JUnitReportReporter -->
<testsuite hostname="MisLenovo" failures="0" tests="3" name="DemoTestNG.ParameterizedTest" time="2.957" errors="0" timestamp="2024-09-25T19:25:48 PDT" skipped="0">
  <testcase classname="DemoTestNG.ParameterizedTest" name="testFileDownload" time="0.887"/>
  <testcase classname="DemoTestNG.ParameterizedTest" name="testFileDownload" time="0.791"/>
  <testcase classname="DemoTestNG.ParameterizedTest" name="testFileDownload" time="1.279"/>
</testsuite> <!-- DemoTestNG.ParameterizedTest -->
