<?xml version="1.0" encoding="UTF-8"?>
<!-- Generated by org.testng.reporters.JUnitReportReporter -->
<testsuite hostname="MisLenovo" failures="0" tests="2" name="DemoTestNG.ConfigurationAnnotations_2_ListBox" time="0.009" errors="0" timestamp="2024-09-16T16:08:27 PDT" skipped="0">
  <testcase classname="DemoTestNG.ConfigurationAnnotations_2_ListBox" name="test3_BootstrapListBox" time="0.004"/>
  <testcase classname="DemoTestNG.ConfigurationAnnotations_2_ListBox" name="test4_JQueryListBox" time="0.005"/>
</testsuite> <!-- DemoTestNG.ConfigurationAnnotations_2_ListBox -->
